INFO:root:

A non defensive action was tagged as a foul. Please check! 
['A-11-SP-1-46-48-0:30:36-R-YC-FHN']

****************************************************************************************************
INFO:root:

A successful defensive action was tagged as a foul. Please check! 
['A-15-ST-1-17-X-0:33:29-R-RC-FHN']

****************************************************************************************************
INFO:root:


        Foul to fk-pk not equal
        Team A FK-PK = 11, Team B Fouls = 11
        Team B FK-PK = 15, Team A Fouls = 17

        
INFO:root:

A-11-SP-1-46-48-0:30:36-R-YC-FHN
A-15-ST-1-17-X-0:33:29-R-RC-FHN
A-7-ST-0-17-X-0:46:34-R-F-FHN
B-14-C-1-64-32-0:48:00-R-FK-FHN
A-11-OFF-1-34-X-0:51:34-R-X-FHN
B-8-SP-1-57-66-0:51:40-R-FK-FHN
A-6-ST-0-17-X-1:05:27-R-F-FHN
B-13-C-1-64-32-1:06:07-R-FK-FHN
A-8-ST-0-37-X-1:08:26-R-F-FHN
B-15-LS-0-44-41-1:09:20-R-FK-FHN
A-17-GD-0-43-X-1:12:42-R-F-FHN
B-11-SP-1-38-17-1:12:54-R-FK-FHN
A-11-OFF-1-14-X-1:13:50-R-X-FHN
B-3-LP-1-78-50-1:14:05-R-FK-FHN
A-7-ST-0-48-X-1:14:53-R-F-FHN
B-12-LS-0-33-21-1:15:47-L-FK-FHN
A-11-ST-0-31-X-1:37:01-R-F-SHN
B-2-LP-1-60-37-1:37:41-R-FK-SHN
A-17-AD-0-65-X-1:38:26-R-F-SHN
B-11-LP-0-26-42-1:38:57-R-FK-SHN
A-7-ST-0-13-X-1:42:01-R-F-SHN
B-3-SP-1-58-50-1:42:25-R-FK-SHN
A-15-GD-0-33-X-1:46:27-R-F-SHN
B-11-LP-1-48-17-1:46:59-R-FK-SHN
A-20-GD-0-15-X-2:04:35-R-F-SHN
B-13-LP-0-66-43-2:05:42-R-FK-SHN
A-7-ST-0-25-X-2:10:22-R-F-SHN
B-6-LP-2-55-31-2:11:13-R-FK-SHN
A-7-GD-0-27-X-2:13:44-R-F-SHN
B-14-LS-0-54-53-2:14:11-R-FK-SHN
A-17-ST-0-73-X-2:17:52-R-F-SHN
B-11-LP-0-8-2-2:17:59-R-FK-SHN


****************************************************************************************************
INFO:root:

No corner false start grid error

****************************************************************************************************
INFO:root:

No corners in crosses

****************************************************************************************************
INFO:root:

GK QC-1
This goal kick is taken outside the goal area. Please check!

['A-1-LP-0-60-8-1:15:55-R-GK-FHN']****************************************************************************************************
INFO:root:

GK QC-2 done.

****************************************************************************************************
