INFO:root:

A non defensive action was tagged as a foul. Please check! 
['B-33-SP-1-54-63-1:47:29-R-YC-SHN']

****************************************************************************************************
INFO:root:


        Foul to fk-pk not equal
        Team A FK-PK = 21, Team B Fouls = 22
        Team B FK-PK = 11, Team A Fouls = 11

        
INFO:root:

B-9-OFF-1-23-X-0:22:03-R-X-FHN
A-31-LP-0-58-53-0:22:36-R-FK-FHN
B-9-AD-0-25-X-0:24:29-R-F-FHN
A-4-LP-1-56-13-0:24:51-R-FK-FHN
B-10-ST-0-23-X-0:33:50-R-F-FHN
A-31-LP-0-58-43-0:34:16-R-FK-FHN
B-8-ST-0-25-X-0:36:34-R-F-FHN
A-4-SP-1-56-56-0:36:43-R-FK-FHN
B-57-OFF-1-31-X-0:40:33-R-X-FHN
A-31-LP-0-40-6-0:41:01-R-FK-FHN
B-9-OFF-1-43-X-0:41:19-R-X-FHN
A-4-LP-1-47-6-0:42:29-R-FK-FHN
B-57-ST-0-18-X-0:47:51-R-F-FHN
A-17-C-1-63-31-0:48:23-L-FK-FHN
B-49-ST-0-48-X-0:48:28-R-F-FHN
A-17-LS-0-33-32-0:49:52-L-FK-FHN
B-57-OFF-1-03-X-0:52:08-R-X-FHN
A-31-LP-1-68-17-0:52:56-R-FK-FHN
B-57-ST-0-02-X-1:01:41-R-YC-FHN
B-10-ST-0-03-X-1:02:30-R-F-FHN
A-4-LP-0-77-5-1:02:46-R-FK-FHN
B-9-AD-0-41-X-1:03:09-R-F-FHN
A-31-SP-1-39-60-1:03:28-R-FK-FHN
B-19-ST-0-75-75-1:26:23-R-F-SHN
A-19-LP-0-06-23-1:27:04-R-FK-SHN
B-9-ST-0-71-X-1:35:34-R-F-SHN
A-26-LP-0-10-25-1:36:10-L-FK-SHN
B-9-AD-0-33-X-1:38:16-R-F-SHN
A-31-LP-0-48-23-1:38:42-R-FK-SHN
B-19-ST-0-74-X-1:41:12-R-F-SHN
A-26-LP-1-17-46-1:41:12-R-FK-SHN
B-9-OFF-1-33-X-1:45:07-R-X-SHN
A-31-LP-0-48-42-1:45:07-R-FK-SHN
B-33-SP-1-54-63-1:47:29-R-YC-SHN
B-9-ST-0-31-X-1:47:54-R-F-SHN
A-31-LP-0-49-55-1:49:20-R-FK-SHN
B-7-ST-0-7-X-1:57:47-R-F-SHN
B-7-ST-0-18-X-1:58:22-R-YC-SHN
A-9-C-0-73-42-1:58:52-R-FK-SHN
B-10-OFF-1-53-X-2:02:17-R-X-SHN
A-31-LP-1-28-58-2:02:37-R-FK-SHN
B-99-OFF-1-4-X-2:08:37-R-X-SHN
A-4-LP-1-77-13-2:09:00-R-FK-SHN
B-33-GD-0-66-X-2:18:21-R-F-SHI
A-26-LP-0-15-63-2:18:49-L-FK-SHI


****************************************************************************************************
INFO:root:

This Corner started from a false start grid. Check!
['A-18-SP-1-1-21-0:25:35-R-CN-FHN', 'A-18-C-0-1-41-0:30:26-R-CN-FHN', 'A-10-C-0-1-41-0:47:44-R-CN-FHN', 'B-10-C-2-1-41-2:10:08-R-CN-SHN', 'B-13-C-2-1-42-2:19:54-L-CN-SHI']

****************************************************************************************************
INFO:root:

No corners in crosses

****************************************************************************************************
INFO:root:

GK QC-1 done.

****************************************************************************************************
INFO:root:

GK QC-2 done.

****************************************************************************************************
INFO:root:

PK QC done.

****************************************************************************************************
INFO:root:

An unsuccessful interception was tagged. Please check! 
['B-13-IN-0-17-X-2:06:07-R-X-SHN', 'A-6-XIN-0-64-X-2:06:07-X-X-SHN', 'A-31-IN-0-40-X-2:13:22-R-X-SHI', 'B-10-XIN-0-41-X-2:13:22-X-X-SHI']

****************************************************************************************************
